<?xml version="1.0" encoding="UTF-8"?>
<testng-results ignored="0" total="39" passed="32" failed="7" skipped="0">
  <reporter-output>
  </reporter-output>
  <suite started-at="2023-12-21T11:48:11 SAST" name="All Test Suite" finished-at="2023-12-21T11:59:13 SAST" duration-ms="662177">
    <groups>
    </groups>
    <test started-at="2023-12-21T11:48:11 SAST" name="C:/Users/Minenhle Simamane/IdeaProjects/EaseMyTrip_SeleniumTesting" finished-at="2023-12-21T11:59:13 SAST" duration-ms="662177">
      <class name="com.easemytrip.testcases.FlightBooking_Test">
        <test-method is-config="true" signature="browserSetup()[pri:0, instance:com.easemytrip.testcases.FlightBooking_Test@5a955565]" started-at="2023-12-21T11:48:11 SAST" name="browserSetup" finished-at="2023-12-21T11:48:17 SAST" duration-ms="6153" status="PASS">
          <reporter-output>
          </reporter-output>
        </test-method> <!-- browserSetup -->
        <test-method signature="flightPageIsPresent()[pri:0, instance:com.easemytrip.testcases.FlightBooking_Test@5a955565]" started-at="2023-12-21T11:48:17 SAST" name="flightPageIsPresent" finished-at="2023-12-21T11:48:17 SAST" duration-ms="47" status="PASS">
          <reporter-output>
          </reporter-output>
        </test-method> <!-- flightPageIsPresent -->
        <test-method is-config="true" signature="browserSetup()[pri:0, instance:com.easemytrip.testcases.FlightBooking_Test@5a955565]" started-at="2023-12-21T11:48:17 SAST" name="browserSetup" finished-at="2023-12-21T11:48:24 SAST" duration-ms="6598" status="PASS">
          <reporter-output>
          </reporter-output>
        </test-method> <!-- browserSetup -->
        <test-method signature="oneWayTripIsPresent()[pri:0, instance:com.easemytrip.testcases.FlightBooking_Test@5a955565]" started-at="2023-12-21T11:48:24 SAST" name="oneWayTripIsPresent" finished-at="2023-12-21T11:48:24 SAST" duration-ms="105" status="PASS">
          <reporter-output>
          </reporter-output>
        </test-method> <!-- oneWayTripIsPresent -->
        <test-method is-config="true" signature="browserSetup()[pri:0, instance:com.easemytrip.testcases.FlightBooking_Test@5a955565]" started-at="2023-12-21T11:48:24 SAST" name="browserSetup" finished-at="2023-12-21T11:48:34 SAST" duration-ms="10325" status="PASS">
          <reporter-output>
          </reporter-output>
        </test-method> <!-- browserSetup -->
        <test-method signature="roundTripIsPresent()[pri:0, instance:com.easemytrip.testcases.FlightBooking_Test@5a955565]" started-at="2023-12-21T11:48:34 SAST" name="roundTripIsPresent" finished-at="2023-12-21T11:48:35 SAST" duration-ms="133" status="PASS">
          <reporter-output>
          </reporter-output>
        </test-method> <!-- roundTripIsPresent -->
        <test-method is-config="true" signature="browserSetup()[pri:0, instance:com.easemytrip.testcases.FlightBooking_Test@5a955565]" started-at="2023-12-21T11:48:35 SAST" name="browserSetup" finished-at="2023-12-21T11:48:45 SAST" duration-ms="10214" status="PASS">
          <reporter-output>
          </reporter-output>
        </test-method> <!-- browserSetup -->
        <test-method signature="multiCityIsPresent()[pri:0, instance:com.easemytrip.testcases.FlightBooking_Test@5a955565]" started-at="2023-12-21T11:48:45 SAST" name="multiCityIsPresent" finished-at="2023-12-21T11:48:45 SAST" duration-ms="150" status="PASS">
          <reporter-output>
          </reporter-output>
        </test-method> <!-- multiCityIsPresent -->
        <test-method is-config="true" signature="browserSetup()[pri:0, instance:com.easemytrip.testcases.FlightBooking_Test@5a955565]" started-at="2023-12-21T11:48:45 SAST" name="browserSetup" finished-at="2023-12-21T11:48:53 SAST" duration-ms="7935" status="PASS">
          <reporter-output>
          </reporter-output>
        </test-method> <!-- browserSetup -->
        <test-method signature="searchAvailableFlights()[pri:0, instance:com.easemytrip.testcases.FlightBooking_Test@5a955565]" started-at="2023-12-21T11:48:53 SAST" name="searchAvailableFlights" finished-at="2023-12-21T11:49:00 SAST" duration-ms="6735" status="PASS">
          <reporter-output>
          </reporter-output>
        </test-method> <!-- searchAvailableFlights -->
        <test-method is-config="true" signature="browserSetup()[pri:0, instance:com.easemytrip.testcases.FlightBooking_Test@5a955565]" started-at="2023-12-21T11:49:00 SAST" name="browserSetup" finished-at="2023-12-21T11:49:09 SAST" duration-ms="9705" status="PASS">
          <reporter-output>
          </reporter-output>
        </test-method> <!-- browserSetup -->
        <test-method signature="bookingFlight()[pri:0, instance:com.easemytrip.testcases.FlightBooking_Test@5a955565]" started-at="2023-12-21T11:49:09 SAST" name="bookingFlight" finished-at="2023-12-21T11:49:22 SAST" duration-ms="12817" status="PASS">
          <reporter-output>
          </reporter-output>
        </test-method> <!-- bookingFlight -->
        <test-method is-config="true" signature="browserSetup()[pri:0, instance:com.easemytrip.testcases.FlightBooking_Test@5a955565]" started-at="2023-12-21T11:49:22 SAST" name="browserSetup" finished-at="2023-12-21T11:49:32 SAST" duration-ms="9713" status="PASS">
          <reporter-output>
          </reporter-output>
        </test-method> <!-- browserSetup -->
        <test-method signature="booking()[pri:0, instance:com.easemytrip.testcases.FlightBooking_Test@5a955565]" started-at="2023-12-21T11:49:32 SAST" name="booking" finished-at="2023-12-21T11:49:49 SAST" duration-ms="17204" status="PASS">
          <reporter-output>
          </reporter-output>
        </test-method> <!-- booking -->
        <test-method is-config="true" signature="browserSetup()[pri:0, instance:com.easemytrip.testcases.FlightBooking_Test@5a955565]" started-at="2023-12-21T11:49:49 SAST" name="browserSetup" finished-at="2023-12-21T11:49:56 SAST" duration-ms="7235" status="PASS">
          <reporter-output>
          </reporter-output>
        </test-method> <!-- browserSetup -->
        <test-method signature="travelerInsuranceIsPresent()[pri:0, instance:com.easemytrip.testcases.FlightBooking_Test@5a955565]" started-at="2023-12-21T11:49:56 SAST" name="travelerInsuranceIsPresent" finished-at="2023-12-21T11:50:15 SAST" duration-ms="19177" status="PASS">
          <reporter-output>
          </reporter-output>
        </test-method> <!-- travelerInsuranceIsPresent -->
        <test-method is-config="true" signature="browserSetup()[pri:0, instance:com.easemytrip.testcases.FlightBooking_Test@5a955565]" started-at="2023-12-21T11:50:15 SAST" name="browserSetup" finished-at="2023-12-21T11:50:26 SAST" duration-ms="10791" status="PASS">
          <reporter-output>
          </reporter-output>
        </test-method> <!-- browserSetup -->
        <test-method signature="travelerEmailIsPresent()[pri:0, instance:com.easemytrip.testcases.FlightBooking_Test@5a955565]" started-at="2023-12-21T11:50:26 SAST" name="travelerEmailIsPresent" finished-at="2023-12-21T11:50:45 SAST" duration-ms="18313" status="PASS">
          <reporter-output>
          </reporter-output>
        </test-method> <!-- travelerEmailIsPresent -->
        <test-method is-config="true" signature="browserSetup()[pri:0, instance:com.easemytrip.testcases.FlightBooking_Test@5a955565]" started-at="2023-12-21T11:50:45 SAST" name="browserSetup" finished-at="2023-12-21T11:50:52 SAST" duration-ms="7749" status="PASS">
          <reporter-output>
          </reporter-output>
        </test-method> <!-- browserSetup -->
        <test-method signature="bookingButtonIsPresent()[pri:0, instance:com.easemytrip.testcases.FlightBooking_Test@5a955565]" started-at="2023-12-21T11:50:52 SAST" name="bookingButtonIsPresent" finished-at="2023-12-21T11:51:14 SAST" duration-ms="21466" status="PASS">
          <reporter-output>
          </reporter-output>
        </test-method> <!-- bookingButtonIsPresent -->
        <test-method is-config="true" signature="browserSetup()[pri:0, instance:com.easemytrip.testcases.FlightBooking_Test@5a955565]" started-at="2023-12-21T11:51:14 SAST" name="browserSetup" finished-at="2023-12-21T11:51:21 SAST" duration-ms="7436" status="PASS">
          <reporter-output>
          </reporter-output>
        </test-method> <!-- browserSetup -->
        <test-method signature="reviewFlight()[pri:0, instance:com.easemytrip.testcases.FlightBooking_Test@5a955565]" started-at="2023-12-21T11:51:21 SAST" name="reviewFlight" finished-at="2023-12-21T11:51:44 SAST" duration-ms="22332" status="FAIL">
          <exception class="java.lang.AssertionError">
            <full-stacktrace>
              <![CDATA[java.lang.AssertionError
at org.junit.Assert.fail(Assert.java:87)
at org.junit.Assert.assertTrue(Assert.java:42)
at org.junit.Assert.assertTrue(Assert.java:53)
at com.easemytrip.testcases.FlightBooking_Test.reviewFlight(FlightBooking_Test.java:99)
at java.base/jdk.internal.reflect.DirectMethodHandleAccessor.invoke(DirectMethodHandleAccessor.java:104)
at java.base/java.lang.reflect.Method.invoke(Method.java:578)
at org.testng.internal.invokers.MethodInvocationHelper.invokeMethod(MethodInvocationHelper.java:139)
at org.testng.internal.invokers.TestInvoker.invokeMethod(TestInvoker.java:664)
at org.testng.internal.invokers.TestInvoker.invokeTestMethod(TestInvoker.java:227)
at org.testng.internal.invokers.MethodRunner.runInSequence(MethodRunner.java:50)
at org.testng.internal.invokers.TestInvoker$MethodInvocationAgent.invoke(TestInvoker.java:957)
at org.testng.internal.invokers.TestInvoker.invokeTestMethods(TestInvoker.java:200)
at org.testng.internal.invokers.TestMethodWorker.invokeTestMethods(TestMethodWorker.java:148)
at org.testng.internal.invokers.TestMethodWorker.run(TestMethodWorker.java:128)
at java.base/java.util.ArrayList.forEach(ArrayList.java:1511)
at org.testng.TestRunner.privateRun(TestRunner.java:848)
at org.testng.TestRunner.run(TestRunner.java:621)
at org.testng.SuiteRunner.runTest(SuiteRunner.java:443)
at org.testng.SuiteRunner.runSequentially(SuiteRunner.java:437)
at org.testng.SuiteRunner.privateRun(SuiteRunner.java:397)
at org.testng.SuiteRunner.run(SuiteRunner.java:336)
at org.testng.SuiteRunnerWorker.runSuite(SuiteRunnerWorker.java:52)
at org.testng.SuiteRunnerWorker.run(SuiteRunnerWorker.java:95)
at org.testng.TestNG.runSuitesSequentially(TestNG.java:1280)
at org.testng.TestNG.runSuitesLocally(TestNG.java:1200)
at org.testng.TestNG.runSuites(TestNG.java:1114)
at org.testng.TestNG.run(TestNG.java:1082)
at com.intellij.rt.testng.IDEARemoteTestNG.run(IDEARemoteTestNG.java:65)
at com.intellij.rt.testng.RemoteTestNGStarter.main(RemoteTestNGStarter.java:105)
]]>
            </full-stacktrace>
          </exception> <!-- java.lang.AssertionError -->
          <reporter-output>
          </reporter-output>
        </test-method> <!-- reviewFlight -->
        <test-method is-config="true" signature="browserSetup()[pri:0, instance:com.easemytrip.testcases.FlightBooking_Test@5a955565]" started-at="2023-12-21T11:51:44 SAST" name="browserSetup" finished-at="2023-12-21T11:51:54 SAST" duration-ms="10855" status="PASS">
          <reporter-output>
          </reporter-output>
        </test-method> <!-- browserSetup -->
        <test-method signature="passengerDetailsIsPresent()[pri:0, instance:com.easemytrip.testcases.FlightBooking_Test@5a955565]" started-at="2023-12-21T11:51:54 SAST" name="passengerDetailsIsPresent" finished-at="2023-12-21T11:52:13 SAST" duration-ms="18697" status="PASS">
          <reporter-output>
          </reporter-output>
        </test-method> <!-- passengerDetailsIsPresent -->
        <test-method is-config="true" signature="browserSetup()[pri:0, instance:com.easemytrip.testcases.FlightBooking_Test@5a955565]" started-at="2023-12-21T11:52:13 SAST" name="browserSetup" finished-at="2023-12-21T11:52:20 SAST" duration-ms="7202" status="PASS">
          <reporter-output>
          </reporter-output>
        </test-method> <!-- browserSetup -->
        <test-method signature="continueBookingIsPresent()[pri:0, instance:com.easemytrip.testcases.FlightBooking_Test@5a955565]" started-at="2023-12-21T11:52:20 SAST" name="continueBookingIsPresent" finished-at="2023-12-21T11:52:41 SAST" duration-ms="21051" status="PASS">
          <reporter-output>
          </reporter-output>
        </test-method> <!-- continueBookingIsPresent -->
        <test-method is-config="true" signature="browserSetup()[pri:0, instance:com.easemytrip.testcases.FlightBooking_Test@5a955565]" started-at="2023-12-21T11:52:41 SAST" name="browserSetup" finished-at="2023-12-21T11:52:44 SAST" duration-ms="2866" status="PASS">
          <reporter-output>
          </reporter-output>
        </test-method> <!-- browserSetup -->
        <test-method signature="continueBooking()[pri:0, instance:com.easemytrip.testcases.FlightBooking_Test@5a955565]" started-at="2023-12-21T11:52:44 SAST" name="continueBooking" finished-at="2023-12-21T11:53:18 SAST" duration-ms="34266" status="PASS">
          <reporter-output>
          </reporter-output>
        </test-method> <!-- continueBooking -->
        <test-method is-config="true" signature="browserSetup()[pri:0, instance:com.easemytrip.testcases.FlightBooking_Test@5a955565]" started-at="2023-12-21T11:53:18 SAST" name="browserSetup" finished-at="2023-12-21T11:53:29 SAST" duration-ms="10365" status="PASS">
          <reporter-output>
          </reporter-output>
        </test-method> <!-- browserSetup -->
        <test-method signature="paymentMethods()[pri:0, instance:com.easemytrip.testcases.FlightBooking_Test@5a955565]" started-at="2023-12-21T11:53:29 SAST" name="paymentMethods" finished-at="2023-12-21T11:54:00 SAST" duration-ms="30918" status="FAIL">
          <exception class="org.openqa.selenium.ElementNotInteractableException">
            <message>
              <![CDATA[element not interactable
  (Session info: chrome=120.0.6099.110)
Build info: version: '4.15.0', revision: '1d14b5521b'
System info: os.name: 'Windows 11', os.arch: 'amd64', os.version: '10.0', java.version: '19'
Driver info: org.openqa.selenium.chrome.ChromeDriver
Command: [faf1e8557de0227359968044da63b54c, clickElement {id=661E77EB0C817299B994E748246A8B3F_element_648}]
Capabilities {acceptInsecureCerts: false, browserName: chrome, browserVersion: 120.0.6099.110, chrome: {chromedriverVersion: 120.0.6099.109 (3419140ab66..., userDataDir: C:\Users\MINENH~1\AppData\L...}, fedcm:accounts: true, goog:chromeOptions: {debuggerAddress: localhost:64407}, networkConnectionEnabled: false, pageLoadStrategy: normal, platformName: windows, proxy: Proxy(), se:cdp: ws://localhost:64407/devtoo..., se:cdpVersion: 120.0.6099.110, setWindowRect: true, strictFileInteractability: false, timeouts: {implicit: 0, pageLoad: 300000, script: 30000}, unhandledPromptBehavior: dismiss and notify, webauthn:extension:credBlob: true, webauthn:extension:largeBlob: true, webauthn:extension:minPinLength: true, webauthn:extension:prf: true, webauthn:virtualAuthenticators: true}
Element: [[ChromeDriver: chrome on windows (faf1e8557de0227359968044da63b54c)] -> id: spnTransaction]
Session ID: faf1e8557de0227359968044da63b54c]]>
            </message>
            <full-stacktrace>
              <![CDATA[org.openqa.selenium.ElementNotInteractableException: element not interactable
  (Session info: chrome=120.0.6099.110)
Build info: version: '4.15.0', revision: '1d14b5521b'
System info: os.name: 'Windows 11', os.arch: 'amd64', os.version: '10.0', java.version: '19'
Driver info: org.openqa.selenium.chrome.ChromeDriver
Command: [faf1e8557de0227359968044da63b54c, clickElement {id=661E77EB0C817299B994E748246A8B3F_element_648}]
Capabilities {acceptInsecureCerts: false, browserName: chrome, browserVersion: 120.0.6099.110, chrome: {chromedriverVersion: 120.0.6099.109 (3419140ab66..., userDataDir: C:\Users\MINENH~1\AppData\L...}, fedcm:accounts: true, goog:chromeOptions: {debuggerAddress: localhost:64407}, networkConnectionEnabled: false, pageLoadStrategy: normal, platformName: windows, proxy: Proxy(), se:cdp: ws://localhost:64407/devtoo..., se:cdpVersion: 120.0.6099.110, setWindowRect: true, strictFileInteractability: false, timeouts: {implicit: 0, pageLoad: 300000, script: 30000}, unhandledPromptBehavior: dismiss and notify, webauthn:extension:credBlob: true, webauthn:extension:largeBlob: true, webauthn:extension:minPinLength: true, webauthn:extension:prf: true, webauthn:virtualAuthenticators: true}
Element: [[ChromeDriver: chrome on windows (faf1e8557de0227359968044da63b54c)] -> id: spnTransaction]
Session ID: faf1e8557de0227359968044da63b54c
at java.base/jdk.internal.reflect.DirectConstructorHandleAccessor.newInstance(DirectConstructorHandleAccessor.java:67)
at java.base/java.lang.reflect.Constructor.newInstanceWithCaller(Constructor.java:500)
at java.base/java.lang.reflect.Constructor.newInstance(Constructor.java:484)
at org.openqa.selenium.remote.codec.w3c.W3CHttpResponseCodec.createException(W3CHttpResponseCodec.java:200)
at org.openqa.selenium.remote.codec.w3c.W3CHttpResponseCodec.decode(W3CHttpResponseCodec.java:133)
at org.openqa.selenium.remote.codec.w3c.W3CHttpResponseCodec.decode(W3CHttpResponseCodec.java:52)
at org.openqa.selenium.remote.HttpCommandExecutor.execute(HttpCommandExecutor.java:191)
at org.openqa.selenium.remote.service.DriverCommandExecutor.invokeExecute(DriverCommandExecutor.java:200)
at org.openqa.selenium.remote.service.DriverCommandExecutor.execute(DriverCommandExecutor.java:175)
at org.openqa.selenium.remote.RemoteWebDriver.execute(RemoteWebDriver.java:607)
at org.openqa.selenium.remote.RemoteWebElement.execute(RemoteWebElement.java:224)
at org.openqa.selenium.remote.RemoteWebElement.click(RemoteWebElement.java:77)
at com.easemytrip.page.FlightBookingPage.continueBooking(FlightBookingPage.java:152)
at com.easemytrip.testcases.FlightBooking_Test.paymentMethods(FlightBooking_Test.java:132)
at java.base/jdk.internal.reflect.DirectMethodHandleAccessor.invoke(DirectMethodHandleAccessor.java:104)
at java.base/java.lang.reflect.Method.invoke(Method.java:578)
at org.testng.internal.invokers.MethodInvocationHelper.invokeMethod(MethodInvocationHelper.java:139)
at org.testng.internal.invokers.TestInvoker.invokeMethod(TestInvoker.java:664)
at org.testng.internal.invokers.TestInvoker.invokeTestMethod(TestInvoker.java:227)
at org.testng.internal.invokers.MethodRunner.runInSequence(MethodRunner.java:50)
at org.testng.internal.invokers.TestInvoker$MethodInvocationAgent.invoke(TestInvoker.java:957)
at org.testng.internal.invokers.TestInvoker.invokeTestMethods(TestInvoker.java:200)
at org.testng.internal.invokers.TestMethodWorker.invokeTestMethods(TestMethodWorker.java:148)
at org.testng.internal.invokers.TestMethodWorker.run(TestMethodWorker.java:128)
at java.base/java.util.ArrayList.forEach(ArrayList.java:1511)
at org.testng.TestRunner.privateRun(TestRunner.java:848)
at org.testng.TestRunner.run(TestRunner.java:621)
at org.testng.SuiteRunner.runTest(SuiteRunner.java:443)
at org.testng.SuiteRunner.runSequentially(SuiteRunner.java:437)
at org.testng.SuiteRunner.privateRun(SuiteRunner.java:397)
at org.testng.SuiteRunner.run(SuiteRunner.java:336)
at org.testng.SuiteRunnerWorker.runSuite(SuiteRunnerWorker.java:52)
at org.testng.SuiteRunnerWorker.run(SuiteRunnerWorker.java:95)
at org.testng.TestNG.runSuitesSequentially(TestNG.java:1280)
at org.testng.TestNG.runSuitesLocally(TestNG.java:1200)
at org.testng.TestNG.runSuites(TestNG.java:1114)
at org.testng.TestNG.run(TestNG.java:1082)
at com.intellij.rt.testng.IDEARemoteTestNG.run(IDEARemoteTestNG.java:65)
at com.intellij.rt.testng.RemoteTestNGStarter.main(RemoteTestNGStarter.java:105)
]]>
            </full-stacktrace>
          </exception> <!-- org.openqa.selenium.ElementNotInteractableException -->
          <reporter-output>
          </reporter-output>
        </test-method> <!-- paymentMethods -->
        <test-method is-config="true" signature="tearDown()[pri:0, instance:com.easemytrip.testcases.FlightBooking_Test@5a955565]" started-at="2023-12-21T11:54:00 SAST" name="tearDown" finished-at="2023-12-21T11:54:00 SAST" duration-ms="1" status="PASS">
          <reporter-output>
          </reporter-output>
        </test-method> <!-- tearDown -->
      </class> <!-- com.easemytrip.testcases.FlightBooking_Test -->
      <class name="com.easemytrip.testcases.Login_Test">
        <test-method is-config="true" signature="browserSetup()[pri:0, instance:com.easemytrip.testcases.Login_Test@5286c33a]" started-at="2023-12-21T11:55:44 SAST" name="browserSetup" finished-at="2023-12-21T11:55:51 SAST" duration-ms="6705" status="PASS">
          <reporter-output>
          </reporter-output>
        </test-method> <!-- browserSetup -->
        <test-method signature="validateMyAccountDropDown()[pri:0, instance:com.easemytrip.testcases.Login_Test@5286c33a]" started-at="2023-12-21T11:55:51 SAST" name="validateMyAccountDropDown" finished-at="2023-12-21T11:55:51 SAST" duration-ms="247" status="PASS">
          <reporter-output>
          </reporter-output>
        </test-method> <!-- validateMyAccountDropDown -->
        <test-method is-config="true" signature="browserSetup()[pri:0, instance:com.easemytrip.testcases.Login_Test@5286c33a]" started-at="2023-12-21T11:55:51 SAST" name="browserSetup" finished-at="2023-12-21T11:55:54 SAST" duration-ms="2868" status="PASS">
          <reporter-output>
          </reporter-output>
        </test-method> <!-- browserSetup -->
        <test-method signature="validateLoginORSignupBtn()[pri:0, instance:com.easemytrip.testcases.Login_Test@5286c33a]" started-at="2023-12-21T11:55:54 SAST" name="validateLoginORSignupBtn" finished-at="2023-12-21T11:55:59 SAST" duration-ms="4970" status="PASS">
          <reporter-output>
          </reporter-output>
        </test-method> <!-- validateLoginORSignupBtn -->
        <test-method is-config="true" signature="browserSetup()[pri:0, instance:com.easemytrip.testcases.Login_Test@5286c33a]" started-at="2023-12-21T11:55:59 SAST" name="browserSetup" finished-at="2023-12-21T11:56:06 SAST" duration-ms="7682" status="PASS">
          <reporter-output>
          </reporter-output>
        </test-method> <!-- browserSetup -->
        <test-method signature="validateLoginORSignuptxt()[pri:0, instance:com.easemytrip.testcases.Login_Test@5286c33a]" started-at="2023-12-21T11:56:06 SAST" name="validateLoginORSignuptxt" finished-at="2023-12-21T11:56:07 SAST" duration-ms="933" status="PASS">
          <reporter-output>
          </reporter-output>
        </test-method> <!-- validateLoginORSignuptxt -->
        <test-method is-config="true" signature="browserSetup()[pri:0, instance:com.easemytrip.testcases.Login_Test@5286c33a]" started-at="2023-12-21T11:56:07 SAST" name="browserSetup" finished-at="2023-12-21T11:56:11 SAST" duration-ms="3830" status="PASS">
          <reporter-output>
          </reporter-output>
        </test-method> <!-- browserSetup -->
        <test-method signature="validatebtnLogin()[pri:0, instance:com.easemytrip.testcases.Login_Test@5286c33a]" started-at="2023-12-21T11:56:11 SAST" name="validatebtnLogin" finished-at="2023-12-21T11:56:19 SAST" duration-ms="7951" status="PASS">
          <reporter-output>
          </reporter-output>
        </test-method> <!-- validatebtnLogin -->
        <test-method is-config="true" signature="browserSetup()[pri:0, instance:com.easemytrip.testcases.Login_Test@5286c33a]" started-at="2023-12-21T11:56:19 SAST" name="browserSetup" finished-at="2023-12-21T11:56:24 SAST" duration-ms="4480" status="PASS">
          <reporter-output>
          </reporter-output>
        </test-method> <!-- browserSetup -->
        <test-method signature="validateOTPtxt()[pri:0, instance:com.easemytrip.testcases.Login_Test@5286c33a]" started-at="2023-12-21T11:56:24 SAST" name="validateOTPtxt" finished-at="2023-12-21T11:56:45 SAST" duration-ms="21818" status="FAIL">
          <exception class="org.openqa.selenium.ElementNotInteractableException">
            <message>
              <![CDATA[element not interactable
  (Session info: chrome=120.0.6099.110)
Build info: version: '4.15.0', revision: '1d14b5521b'
System info: os.name: 'Windows 11', os.arch: 'amd64', os.version: '10.0', java.version: '19'
Driver info: org.openqa.selenium.chrome.ChromeDriver
Command: [88991e20d83ca3a6e8f76e7d2baa5b00, sendKeysToElement {id=643B1F34998282AE34BFC55FCEB636D9_element_136, value=[Ljava.lang.CharSequence;@6e794f53}]
Capabilities {acceptInsecureCerts: false, browserName: chrome, browserVersion: 120.0.6099.110, chrome: {chromedriverVersion: 120.0.6099.109 (3419140ab66..., userDataDir: C:\Users\MINENH~1\AppData\L...}, fedcm:accounts: true, goog:chromeOptions: {debuggerAddress: localhost:64951}, networkConnectionEnabled: false, pageLoadStrategy: normal, platformName: windows, proxy: Proxy(), se:cdp: ws://localhost:64951/devtoo..., se:cdpVersion: 120.0.6099.110, setWindowRect: true, strictFileInteractability: false, timeouts: {implicit: 0, pageLoad: 300000, script: 30000}, unhandledPromptBehavior: dismiss and notify, webauthn:extension:credBlob: true, webauthn:extension:largeBlob: true, webauthn:extension:minPinLength: true, webauthn:extension:prf: true, webauthn:virtualAuthenticators: true}
Element: [[ChromeDriver: chrome on windows (88991e20d83ca3a6e8f76e7d2baa5b00)] -> id: txtEmail1]
Session ID: 88991e20d83ca3a6e8f76e7d2baa5b00]]>
            </message>
            <full-stacktrace>
              <![CDATA[org.openqa.selenium.ElementNotInteractableException: element not interactable
  (Session info: chrome=120.0.6099.110)
Build info: version: '4.15.0', revision: '1d14b5521b'
System info: os.name: 'Windows 11', os.arch: 'amd64', os.version: '10.0', java.version: '19'
Driver info: org.openqa.selenium.chrome.ChromeDriver
Command: [88991e20d83ca3a6e8f76e7d2baa5b00, sendKeysToElement {id=643B1F34998282AE34BFC55FCEB636D9_element_136, value=[Ljava.lang.CharSequence;@6e794f53}]
Capabilities {acceptInsecureCerts: false, browserName: chrome, browserVersion: 120.0.6099.110, chrome: {chromedriverVersion: 120.0.6099.109 (3419140ab66..., userDataDir: C:\Users\MINENH~1\AppData\L...}, fedcm:accounts: true, goog:chromeOptions: {debuggerAddress: localhost:64951}, networkConnectionEnabled: false, pageLoadStrategy: normal, platformName: windows, proxy: Proxy(), se:cdp: ws://localhost:64951/devtoo..., se:cdpVersion: 120.0.6099.110, setWindowRect: true, strictFileInteractability: false, timeouts: {implicit: 0, pageLoad: 300000, script: 30000}, unhandledPromptBehavior: dismiss and notify, webauthn:extension:credBlob: true, webauthn:extension:largeBlob: true, webauthn:extension:minPinLength: true, webauthn:extension:prf: true, webauthn:virtualAuthenticators: true}
Element: [[ChromeDriver: chrome on windows (88991e20d83ca3a6e8f76e7d2baa5b00)] -> id: txtEmail1]
Session ID: 88991e20d83ca3a6e8f76e7d2baa5b00
at java.base/jdk.internal.reflect.DirectConstructorHandleAccessor.newInstance(DirectConstructorHandleAccessor.java:67)
at java.base/java.lang.reflect.Constructor.newInstanceWithCaller(Constructor.java:500)
at java.base/java.lang.reflect.Constructor.newInstance(Constructor.java:484)
at org.openqa.selenium.remote.codec.w3c.W3CHttpResponseCodec.createException(W3CHttpResponseCodec.java:200)
at org.openqa.selenium.remote.codec.w3c.W3CHttpResponseCodec.decode(W3CHttpResponseCodec.java:133)
at org.openqa.selenium.remote.codec.w3c.W3CHttpResponseCodec.decode(W3CHttpResponseCodec.java:52)
at org.openqa.selenium.remote.HttpCommandExecutor.execute(HttpCommandExecutor.java:191)
at org.openqa.selenium.remote.service.DriverCommandExecutor.invokeExecute(DriverCommandExecutor.java:200)
at org.openqa.selenium.remote.service.DriverCommandExecutor.execute(DriverCommandExecutor.java:175)
at org.openqa.selenium.remote.RemoteWebDriver.execute(RemoteWebDriver.java:607)
at org.openqa.selenium.remote.RemoteWebElement.execute(RemoteWebElement.java:224)
at org.openqa.selenium.remote.RemoteWebElement.sendKeys(RemoteWebElement.java:111)
at com.easemytrip.testcases.Login_Test.validateOTPtxt(Login_Test.java:84)
at java.base/jdk.internal.reflect.DirectMethodHandleAccessor.invoke(DirectMethodHandleAccessor.java:104)
at java.base/java.lang.reflect.Method.invoke(Method.java:578)
at org.testng.internal.invokers.MethodInvocationHelper.invokeMethod(MethodInvocationHelper.java:139)
at org.testng.internal.invokers.TestInvoker.invokeMethod(TestInvoker.java:664)
at org.testng.internal.invokers.TestInvoker.invokeTestMethod(TestInvoker.java:227)
at org.testng.internal.invokers.MethodRunner.runInSequence(MethodRunner.java:50)
at org.testng.internal.invokers.TestInvoker$MethodInvocationAgent.invoke(TestInvoker.java:957)
at org.testng.internal.invokers.TestInvoker.invokeTestMethods(TestInvoker.java:200)
at org.testng.internal.invokers.TestMethodWorker.invokeTestMethods(TestMethodWorker.java:148)
at org.testng.internal.invokers.TestMethodWorker.run(TestMethodWorker.java:128)
at java.base/java.util.ArrayList.forEach(ArrayList.java:1511)
at org.testng.TestRunner.privateRun(TestRunner.java:848)
at org.testng.TestRunner.run(TestRunner.java:621)
at org.testng.SuiteRunner.runTest(SuiteRunner.java:443)
at org.testng.SuiteRunner.runSequentially(SuiteRunner.java:437)
at org.testng.SuiteRunner.privateRun(SuiteRunner.java:397)
at org.testng.SuiteRunner.run(SuiteRunner.java:336)
at org.testng.SuiteRunnerWorker.runSuite(SuiteRunnerWorker.java:52)
at org.testng.SuiteRunnerWorker.run(SuiteRunnerWorker.java:95)
at org.testng.TestNG.runSuitesSequentially(TestNG.java:1280)
at org.testng.TestNG.runSuitesLocally(TestNG.java:1200)
at org.testng.TestNG.runSuites(TestNG.java:1114)
at org.testng.TestNG.run(TestNG.java:1082)
at com.intellij.rt.testng.IDEARemoteTestNG.run(IDEARemoteTestNG.java:65)
at com.intellij.rt.testng.RemoteTestNGStarter.main(RemoteTestNGStarter.java:105)
]]>
            </full-stacktrace>
          </exception> <!-- org.openqa.selenium.ElementNotInteractableException -->
          <reporter-output>
          </reporter-output>
        </test-method> <!-- validateOTPtxt -->
        <test-method is-config="true" signature="browserSetup()[pri:0, instance:com.easemytrip.testcases.Login_Test@5286c33a]" started-at="2023-12-21T11:56:45 SAST" name="browserSetup" finished-at="2023-12-21T11:56:54 SAST" duration-ms="9069" status="PASS">
          <reporter-output>
          </reporter-output>
        </test-method> <!-- browserSetup -->
        <test-method signature="validateOTPLoginBtn()[pri:0, instance:com.easemytrip.testcases.Login_Test@5286c33a]" started-at="2023-12-21T11:56:54 SAST" name="validateOTPLoginBtn" finished-at="2023-12-21T11:57:07 SAST" duration-ms="12946" status="FAIL">
          <exception class="org.openqa.selenium.ElementNotInteractableException">
            <message>
              <![CDATA[element not interactable
  (Session info: chrome=120.0.6099.110)
Build info: version: '4.15.0', revision: '1d14b5521b'
System info: os.name: 'Windows 11', os.arch: 'amd64', os.version: '10.0', java.version: '19'
Driver info: org.openqa.selenium.chrome.ChromeDriver
Command: [21e6468b36f125845167662442709836, sendKeysToElement {id=44D087F7F866224FC6A89946E84560B1_element_84, value=[Ljava.lang.CharSequence;@10a0a1e}]
Capabilities {acceptInsecureCerts: false, browserName: chrome, browserVersion: 120.0.6099.110, chrome: {chromedriverVersion: 120.0.6099.109 (3419140ab66..., userDataDir: C:\Users\MINENH~1\AppData\L...}, fedcm:accounts: true, goog:chromeOptions: {debuggerAddress: localhost:65038}, networkConnectionEnabled: false, pageLoadStrategy: normal, platformName: windows, proxy: Proxy(), se:cdp: ws://localhost:65038/devtoo..., se:cdpVersion: 120.0.6099.110, setWindowRect: true, strictFileInteractability: false, timeouts: {implicit: 0, pageLoad: 300000, script: 30000}, unhandledPromptBehavior: dismiss and notify, webauthn:extension:credBlob: true, webauthn:extension:largeBlob: true, webauthn:extension:minPinLength: true, webauthn:extension:prf: true, webauthn:virtualAuthenticators: true}
Element: [[ChromeDriver: chrome on windows (21e6468b36f125845167662442709836)] -> id: txtEmail1]
Session ID: 21e6468b36f125845167662442709836]]>
            </message>
            <full-stacktrace>
              <![CDATA[org.openqa.selenium.ElementNotInteractableException: element not interactable
  (Session info: chrome=120.0.6099.110)
Build info: version: '4.15.0', revision: '1d14b5521b'
System info: os.name: 'Windows 11', os.arch: 'amd64', os.version: '10.0', java.version: '19'
Driver info: org.openqa.selenium.chrome.ChromeDriver
Command: [21e6468b36f125845167662442709836, sendKeysToElement {id=44D087F7F866224FC6A89946E84560B1_element_84, value=[Ljava.lang.CharSequence;@10a0a1e}]
Capabilities {acceptInsecureCerts: false, browserName: chrome, browserVersion: 120.0.6099.110, chrome: {chromedriverVersion: 120.0.6099.109 (3419140ab66..., userDataDir: C:\Users\MINENH~1\AppData\L...}, fedcm:accounts: true, goog:chromeOptions: {debuggerAddress: localhost:65038}, networkConnectionEnabled: false, pageLoadStrategy: normal, platformName: windows, proxy: Proxy(), se:cdp: ws://localhost:65038/devtoo..., se:cdpVersion: 120.0.6099.110, setWindowRect: true, strictFileInteractability: false, timeouts: {implicit: 0, pageLoad: 300000, script: 30000}, unhandledPromptBehavior: dismiss and notify, webauthn:extension:credBlob: true, webauthn:extension:largeBlob: true, webauthn:extension:minPinLength: true, webauthn:extension:prf: true, webauthn:virtualAuthenticators: true}
Element: [[ChromeDriver: chrome on windows (21e6468b36f125845167662442709836)] -> id: txtEmail1]
Session ID: 21e6468b36f125845167662442709836
at java.base/jdk.internal.reflect.DirectConstructorHandleAccessor.newInstance(DirectConstructorHandleAccessor.java:67)
at java.base/java.lang.reflect.Constructor.newInstanceWithCaller(Constructor.java:500)
at java.base/java.lang.reflect.Constructor.newInstance(Constructor.java:484)
at org.openqa.selenium.remote.codec.w3c.W3CHttpResponseCodec.createException(W3CHttpResponseCodec.java:200)
at org.openqa.selenium.remote.codec.w3c.W3CHttpResponseCodec.decode(W3CHttpResponseCodec.java:133)
at org.openqa.selenium.remote.codec.w3c.W3CHttpResponseCodec.decode(W3CHttpResponseCodec.java:52)
at org.openqa.selenium.remote.HttpCommandExecutor.execute(HttpCommandExecutor.java:191)
at org.openqa.selenium.remote.service.DriverCommandExecutor.invokeExecute(DriverCommandExecutor.java:200)
at org.openqa.selenium.remote.service.DriverCommandExecutor.execute(DriverCommandExecutor.java:175)
at org.openqa.selenium.remote.RemoteWebDriver.execute(RemoteWebDriver.java:607)
at org.openqa.selenium.remote.RemoteWebElement.execute(RemoteWebElement.java:224)
at org.openqa.selenium.remote.RemoteWebElement.sendKeys(RemoteWebElement.java:111)
at com.easemytrip.testcases.Login_Test.validateOTPLoginBtn(Login_Test.java:102)
at java.base/jdk.internal.reflect.DirectMethodHandleAccessor.invoke(DirectMethodHandleAccessor.java:104)
at java.base/java.lang.reflect.Method.invoke(Method.java:578)
at org.testng.internal.invokers.MethodInvocationHelper.invokeMethod(MethodInvocationHelper.java:139)
at org.testng.internal.invokers.TestInvoker.invokeMethod(TestInvoker.java:664)
at org.testng.internal.invokers.TestInvoker.invokeTestMethod(TestInvoker.java:227)
at org.testng.internal.invokers.MethodRunner.runInSequence(MethodRunner.java:50)
at org.testng.internal.invokers.TestInvoker$MethodInvocationAgent.invoke(TestInvoker.java:957)
at org.testng.internal.invokers.TestInvoker.invokeTestMethods(TestInvoker.java:200)
at org.testng.internal.invokers.TestMethodWorker.invokeTestMethods(TestMethodWorker.java:148)
at org.testng.internal.invokers.TestMethodWorker.run(TestMethodWorker.java:128)
at java.base/java.util.ArrayList.forEach(ArrayList.java:1511)
at org.testng.TestRunner.privateRun(TestRunner.java:848)
at org.testng.TestRunner.run(TestRunner.java:621)
at org.testng.SuiteRunner.runTest(SuiteRunner.java:443)
at org.testng.SuiteRunner.runSequentially(SuiteRunner.java:437)
at org.testng.SuiteRunner.privateRun(SuiteRunner.java:397)
at org.testng.SuiteRunner.run(SuiteRunner.java:336)
at org.testng.SuiteRunnerWorker.runSuite(SuiteRunnerWorker.java:52)
at org.testng.SuiteRunnerWorker.run(SuiteRunnerWorker.java:95)
at org.testng.TestNG.runSuitesSequentially(TestNG.java:1280)
at org.testng.TestNG.runSuitesLocally(TestNG.java:1200)
at org.testng.TestNG.runSuites(TestNG.java:1114)
at org.testng.TestNG.run(TestNG.java:1082)
at com.intellij.rt.testng.IDEARemoteTestNG.run(IDEARemoteTestNG.java:65)
at com.intellij.rt.testng.RemoteTestNGStarter.main(RemoteTestNGStarter.java:105)
]]>
            </full-stacktrace>
          </exception> <!-- org.openqa.selenium.ElementNotInteractableException -->
          <reporter-output>
          </reporter-output>
        </test-method> <!-- validateOTPLoginBtn -->
      </class> <!-- com.easemytrip.testcases.Login_Test -->
      <class name="com.easemytrip.testcases.Register_Test">
        <test-method is-config="true" signature="browserSetup()[pri:0, instance:com.easemytrip.testcases.Register_Test@6e6d5d29]" started-at="2023-12-21T11:57:07 SAST" name="browserSetup" finished-at="2023-12-21T11:57:16 SAST" duration-ms="8373" status="PASS">
          <reporter-output>
          </reporter-output>
        </test-method> <!-- browserSetup -->
        <test-method signature="validateMyAccount()[pri:0, instance:com.easemytrip.testcases.Register_Test@6e6d5d29]" started-at="2023-12-21T11:57:16 SAST" name="validateMyAccount" finished-at="2023-12-21T11:57:16 SAST" duration-ms="160" status="PASS">
          <reporter-output>
          </reporter-output>
        </test-method> <!-- validateMyAccount -->
        <test-method is-config="true" signature="browserSetup()[pri:0, instance:com.easemytrip.testcases.Register_Test@6e6d5d29]" started-at="2023-12-21T11:57:16 SAST" name="browserSetup" finished-at="2023-12-21T11:57:20 SAST" duration-ms="4351" status="PASS">
          <reporter-output>
          </reporter-output>
        </test-method> <!-- browserSetup -->
        <test-method signature="validateLoginSignupBtn()[pri:0, instance:com.easemytrip.testcases.Register_Test@6e6d5d29]" started-at="2023-12-21T11:57:20 SAST" name="validateLoginSignupBtn" finished-at="2023-12-21T11:57:27 SAST" duration-ms="6950" status="PASS">
          <reporter-output>
          </reporter-output>
        </test-method> <!-- validateLoginSignupBtn -->
        <test-method is-config="true" signature="browserSetup()[pri:0, instance:com.easemytrip.testcases.Register_Test@6e6d5d29]" started-at="2023-12-21T11:57:27 SAST" name="browserSetup" finished-at="2023-12-21T11:57:36 SAST" duration-ms="9248" status="PASS">
          <reporter-output>
          </reporter-output>
        </test-method> <!-- browserSetup -->
        <test-method signature="validateEmailAddtxt()[pri:0, instance:com.easemytrip.testcases.Register_Test@6e6d5d29]" started-at="2023-12-21T11:57:36 SAST" name="validateEmailAddtxt" finished-at="2023-12-21T11:57:38 SAST" duration-ms="1233" status="PASS">
          <reporter-output>
          </reporter-output>
        </test-method> <!-- validateEmailAddtxt -->
        <test-method is-config="true" signature="browserSetup()[pri:0, instance:com.easemytrip.testcases.Register_Test@6e6d5d29]" started-at="2023-12-21T11:57:38 SAST" name="browserSetup" finished-at="2023-12-21T11:57:53 SAST" duration-ms="15368" status="PASS">
          <reporter-output>
          </reporter-output>
        </test-method> <!-- browserSetup -->
        <test-method signature="validateEmailAddBtn()[pri:0, instance:com.easemytrip.testcases.Register_Test@6e6d5d29]" started-at="2023-12-21T11:57:53 SAST" name="validateEmailAddBtn" finished-at="2023-12-21T11:57:58 SAST" duration-ms="4752" status="PASS">
          <reporter-output>
          </reporter-output>
        </test-method> <!-- validateEmailAddBtn -->
        <test-method is-config="true" signature="browserSetup()[pri:0, instance:com.easemytrip.testcases.Register_Test@6e6d5d29]" started-at="2023-12-21T11:57:58 SAST" name="browserSetup" finished-at="2023-12-21T11:58:05 SAST" duration-ms="7167" status="PASS">
          <reporter-output>
          </reporter-output>
        </test-method> <!-- browserSetup -->
        <test-method signature="validateOTPtxt()[pri:0, instance:com.easemytrip.testcases.Register_Test@6e6d5d29]" started-at="2023-12-21T11:58:05 SAST" name="validateOTPtxt" finished-at="2023-12-21T11:58:20 SAST" duration-ms="15084" status="PASS">
          <reporter-output>
          </reporter-output>
        </test-method> <!-- validateOTPtxt -->
        <test-method is-config="true" signature="browserSetup()[pri:0, instance:com.easemytrip.testcases.Register_Test@6e6d5d29]" started-at="2023-12-21T11:58:20 SAST" name="browserSetup" finished-at="2023-12-21T11:58:31 SAST" duration-ms="10882" status="PASS">
          <reporter-output>
          </reporter-output>
        </test-method> <!-- browserSetup -->
        <test-method signature="validateOTPBtn()[pri:0, instance:com.easemytrip.testcases.Register_Test@6e6d5d29]" started-at="2023-12-21T11:58:31 SAST" name="validateOTPBtn" finished-at="2023-12-21T11:58:45 SAST" duration-ms="13969" status="FAIL">
          <exception class="org.openqa.selenium.ElementNotInteractableException">
            <message>
              <![CDATA[element not interactable
  (Session info: chrome=120.0.6099.110)
Build info: version: '4.15.0', revision: '1d14b5521b'
System info: os.name: 'Windows 11', os.arch: 'amd64', os.version: '10.0', java.version: '19'
Driver info: org.openqa.selenium.chrome.ChromeDriver
Command: [72d1e4d3e6e248e6cfca01098151c3c6, sendKeysToElement {id=BFB842BCFE894C35588E5B4870C827D5_element_93, value=[Ljava.lang.CharSequence;@5ac646b3}]
Capabilities {acceptInsecureCerts: false, browserName: chrome, browserVersion: 120.0.6099.110, chrome: {chromedriverVersion: 120.0.6099.109 (3419140ab66..., userDataDir: C:\Users\MINENH~1\AppData\L...}, fedcm:accounts: true, goog:chromeOptions: {debuggerAddress: localhost:65528}, networkConnectionEnabled: false, pageLoadStrategy: normal, platformName: windows, proxy: Proxy(), se:cdp: ws://localhost:65528/devtoo..., se:cdpVersion: 120.0.6099.110, setWindowRect: true, strictFileInteractability: false, timeouts: {implicit: 0, pageLoad: 300000, script: 30000}, unhandledPromptBehavior: dismiss and notify, webauthn:extension:credBlob: true, webauthn:extension:largeBlob: true, webauthn:extension:minPinLength: true, webauthn:extension:prf: true, webauthn:virtualAuthenticators: true}
Element: [[ChromeDriver: chrome on windows (72d1e4d3e6e248e6cfca01098151c3c6)] -> id: txtEmail1]
Session ID: 72d1e4d3e6e248e6cfca01098151c3c6]]>
            </message>
            <full-stacktrace>
              <![CDATA[org.openqa.selenium.ElementNotInteractableException: element not interactable
  (Session info: chrome=120.0.6099.110)
Build info: version: '4.15.0', revision: '1d14b5521b'
System info: os.name: 'Windows 11', os.arch: 'amd64', os.version: '10.0', java.version: '19'
Driver info: org.openqa.selenium.chrome.ChromeDriver
Command: [72d1e4d3e6e248e6cfca01098151c3c6, sendKeysToElement {id=BFB842BCFE894C35588E5B4870C827D5_element_93, value=[Ljava.lang.CharSequence;@5ac646b3}]
Capabilities {acceptInsecureCerts: false, browserName: chrome, browserVersion: 120.0.6099.110, chrome: {chromedriverVersion: 120.0.6099.109 (3419140ab66..., userDataDir: C:\Users\MINENH~1\AppData\L...}, fedcm:accounts: true, goog:chromeOptions: {debuggerAddress: localhost:65528}, networkConnectionEnabled: false, pageLoadStrategy: normal, platformName: windows, proxy: Proxy(), se:cdp: ws://localhost:65528/devtoo..., se:cdpVersion: 120.0.6099.110, setWindowRect: true, strictFileInteractability: false, timeouts: {implicit: 0, pageLoad: 300000, script: 30000}, unhandledPromptBehavior: dismiss and notify, webauthn:extension:credBlob: true, webauthn:extension:largeBlob: true, webauthn:extension:minPinLength: true, webauthn:extension:prf: true, webauthn:virtualAuthenticators: true}
Element: [[ChromeDriver: chrome on windows (72d1e4d3e6e248e6cfca01098151c3c6)] -> id: txtEmail1]
Session ID: 72d1e4d3e6e248e6cfca01098151c3c6
at java.base/jdk.internal.reflect.DirectConstructorHandleAccessor.newInstance(DirectConstructorHandleAccessor.java:67)
at java.base/java.lang.reflect.Constructor.newInstanceWithCaller(Constructor.java:500)
at java.base/java.lang.reflect.Constructor.newInstance(Constructor.java:484)
at org.openqa.selenium.remote.codec.w3c.W3CHttpResponseCodec.createException(W3CHttpResponseCodec.java:200)
at org.openqa.selenium.remote.codec.w3c.W3CHttpResponseCodec.decode(W3CHttpResponseCodec.java:133)
at org.openqa.selenium.remote.codec.w3c.W3CHttpResponseCodec.decode(W3CHttpResponseCodec.java:52)
at org.openqa.selenium.remote.HttpCommandExecutor.execute(HttpCommandExecutor.java:191)
at org.openqa.selenium.remote.service.DriverCommandExecutor.invokeExecute(DriverCommandExecutor.java:200)
at org.openqa.selenium.remote.service.DriverCommandExecutor.execute(DriverCommandExecutor.java:175)
at org.openqa.selenium.remote.RemoteWebDriver.execute(RemoteWebDriver.java:607)
at org.openqa.selenium.remote.RemoteWebElement.execute(RemoteWebElement.java:224)
at org.openqa.selenium.remote.RemoteWebElement.sendKeys(RemoteWebElement.java:111)
at com.easemytrip.testcases.Register_Test.validateOTPBtn(Register_Test.java:159)
at java.base/jdk.internal.reflect.DirectMethodHandleAccessor.invoke(DirectMethodHandleAccessor.java:104)
at java.base/java.lang.reflect.Method.invoke(Method.java:578)
at org.testng.internal.invokers.MethodInvocationHelper.invokeMethod(MethodInvocationHelper.java:139)
at org.testng.internal.invokers.TestInvoker.invokeMethod(TestInvoker.java:664)
at org.testng.internal.invokers.TestInvoker.invokeTestMethod(TestInvoker.java:227)
at org.testng.internal.invokers.MethodRunner.runInSequence(MethodRunner.java:50)
at org.testng.internal.invokers.TestInvoker$MethodInvocationAgent.invoke(TestInvoker.java:957)
at org.testng.internal.invokers.TestInvoker.invokeTestMethods(TestInvoker.java:200)
at org.testng.internal.invokers.TestMethodWorker.invokeTestMethods(TestMethodWorker.java:148)
at org.testng.internal.invokers.TestMethodWorker.run(TestMethodWorker.java:128)
at java.base/java.util.ArrayList.forEach(ArrayList.java:1511)
at org.testng.TestRunner.privateRun(TestRunner.java:848)
at org.testng.TestRunner.run(TestRunner.java:621)
at org.testng.SuiteRunner.runTest(SuiteRunner.java:443)
at org.testng.SuiteRunner.runSequentially(SuiteRunner.java:437)
at org.testng.SuiteRunner.privateRun(SuiteRunner.java:397)
at org.testng.SuiteRunner.run(SuiteRunner.java:336)
at org.testng.SuiteRunnerWorker.runSuite(SuiteRunnerWorker.java:52)
at org.testng.SuiteRunnerWorker.run(SuiteRunnerWorker.java:95)
at org.testng.TestNG.runSuitesSequentially(TestNG.java:1280)
at org.testng.TestNG.runSuitesLocally(TestNG.java:1200)
at org.testng.TestNG.runSuites(TestNG.java:1114)
at org.testng.TestNG.run(TestNG.java:1082)
at com.intellij.rt.testng.IDEARemoteTestNG.run(IDEARemoteTestNG.java:65)
at com.intellij.rt.testng.RemoteTestNGStarter.main(RemoteTestNGStarter.java:105)
]]>
            </full-stacktrace>
          </exception> <!-- org.openqa.selenium.ElementNotInteractableException -->
          <reporter-output>
          </reporter-output>
        </test-method> <!-- validateOTPBtn -->
        <test-method is-config="true" signature="browserSetup()[pri:0, instance:com.easemytrip.testcases.Register_Test@6e6d5d29]" started-at="2023-12-21T11:58:45 SAST" name="browserSetup" finished-at="2023-12-21T11:59:00 SAST" duration-ms="15402" status="PASS">
          <reporter-output>
          </reporter-output>
        </test-method> <!-- browserSetup -->
        <test-method signature="validateResendOtpBtn()[pri:0, instance:com.easemytrip.testcases.Register_Test@6e6d5d29]" started-at="2023-12-21T11:59:00 SAST" name="validateResendOtpBtn" finished-at="2023-12-21T11:59:13 SAST" duration-ms="12932" status="FAIL">
          <exception class="org.openqa.selenium.ElementNotInteractableException">
            <message>
              <![CDATA[element not interactable
  (Session info: chrome=120.0.6099.110)
Build info: version: '4.15.0', revision: '1d14b5521b'
System info: os.name: 'Windows 11', os.arch: 'amd64', os.version: '10.0', java.version: '19'
Driver info: org.openqa.selenium.chrome.ChromeDriver
Command: [f16df230f93727058347f8dff8a9d860, sendKeysToElement {id=4CE69C0E7D6D7412550DC66335C36443_element_146, value=[Ljava.lang.CharSequence;@5e1a7d3}]
Capabilities {acceptInsecureCerts: false, browserName: chrome, browserVersion: 120.0.6099.110, chrome: {chromedriverVersion: 120.0.6099.109 (3419140ab66..., userDataDir: C:\Users\MINENH~1\AppData\L...}, fedcm:accounts: true, goog:chromeOptions: {debuggerAddress: localhost:49250}, networkConnectionEnabled: false, pageLoadStrategy: normal, platformName: windows, proxy: Proxy(), se:cdp: ws://localhost:49250/devtoo..., se:cdpVersion: 120.0.6099.110, setWindowRect: true, strictFileInteractability: false, timeouts: {implicit: 0, pageLoad: 300000, script: 30000}, unhandledPromptBehavior: dismiss and notify, webauthn:extension:credBlob: true, webauthn:extension:largeBlob: true, webauthn:extension:minPinLength: true, webauthn:extension:prf: true, webauthn:virtualAuthenticators: true}
Element: [[ChromeDriver: chrome on windows (f16df230f93727058347f8dff8a9d860)] -> id: txtEmail1]
Session ID: f16df230f93727058347f8dff8a9d860]]>
            </message>
            <full-stacktrace>
              <![CDATA[org.openqa.selenium.ElementNotInteractableException: element not interactable
  (Session info: chrome=120.0.6099.110)
Build info: version: '4.15.0', revision: '1d14b5521b'
System info: os.name: 'Windows 11', os.arch: 'amd64', os.version: '10.0', java.version: '19'
Driver info: org.openqa.selenium.chrome.ChromeDriver
Command: [f16df230f93727058347f8dff8a9d860, sendKeysToElement {id=4CE69C0E7D6D7412550DC66335C36443_element_146, value=[Ljava.lang.CharSequence;@5e1a7d3}]
Capabilities {acceptInsecureCerts: false, browserName: chrome, browserVersion: 120.0.6099.110, chrome: {chromedriverVersion: 120.0.6099.109 (3419140ab66..., userDataDir: C:\Users\MINENH~1\AppData\L...}, fedcm:accounts: true, goog:chromeOptions: {debuggerAddress: localhost:49250}, networkConnectionEnabled: false, pageLoadStrategy: normal, platformName: windows, proxy: Proxy(), se:cdp: ws://localhost:49250/devtoo..., se:cdpVersion: 120.0.6099.110, setWindowRect: true, strictFileInteractability: false, timeouts: {implicit: 0, pageLoad: 300000, script: 30000}, unhandledPromptBehavior: dismiss and notify, webauthn:extension:credBlob: true, webauthn:extension:largeBlob: true, webauthn:extension:minPinLength: true, webauthn:extension:prf: true, webauthn:virtualAuthenticators: true}
Element: [[ChromeDriver: chrome on windows (f16df230f93727058347f8dff8a9d860)] -> id: txtEmail1]
Session ID: f16df230f93727058347f8dff8a9d860
at java.base/jdk.internal.reflect.DirectConstructorHandleAccessor.newInstance(DirectConstructorHandleAccessor.java:67)
at java.base/java.lang.reflect.Constructor.newInstanceWithCaller(Constructor.java:500)
at java.base/java.lang.reflect.Constructor.newInstance(Constructor.java:484)
at org.openqa.selenium.remote.codec.w3c.W3CHttpResponseCodec.createException(W3CHttpResponseCodec.java:200)
at org.openqa.selenium.remote.codec.w3c.W3CHttpResponseCodec.decode(W3CHttpResponseCodec.java:133)
at org.openqa.selenium.remote.codec.w3c.W3CHttpResponseCodec.decode(W3CHttpResponseCodec.java:52)
at org.openqa.selenium.remote.HttpCommandExecutor.execute(HttpCommandExecutor.java:191)
at org.openqa.selenium.remote.service.DriverCommandExecutor.invokeExecute(DriverCommandExecutor.java:200)
at org.openqa.selenium.remote.service.DriverCommandExecutor.execute(DriverCommandExecutor.java:175)
at org.openqa.selenium.remote.RemoteWebDriver.execute(RemoteWebDriver.java:607)
at org.openqa.selenium.remote.RemoteWebElement.execute(RemoteWebElement.java:224)
at org.openqa.selenium.remote.RemoteWebElement.sendKeys(RemoteWebElement.java:111)
at com.easemytrip.testcases.Register_Test.validateResendOtpBtn(Register_Test.java:195)
at java.base/jdk.internal.reflect.DirectMethodHandleAccessor.invoke(DirectMethodHandleAccessor.java:104)
at java.base/java.lang.reflect.Method.invoke(Method.java:578)
at org.testng.internal.invokers.MethodInvocationHelper.invokeMethod(MethodInvocationHelper.java:139)
at org.testng.internal.invokers.TestInvoker.invokeMethod(TestInvoker.java:664)
at org.testng.internal.invokers.TestInvoker.invokeTestMethod(TestInvoker.java:227)
at org.testng.internal.invokers.MethodRunner.runInSequence(MethodRunner.java:50)
at org.testng.internal.invokers.TestInvoker$MethodInvocationAgent.invoke(TestInvoker.java:957)
at org.testng.internal.invokers.TestInvoker.invokeTestMethods(TestInvoker.java:200)
at org.testng.internal.invokers.TestMethodWorker.invokeTestMethods(TestMethodWorker.java:148)
at org.testng.internal.invokers.TestMethodWorker.run(TestMethodWorker.java:128)
at java.base/java.util.ArrayList.forEach(ArrayList.java:1511)
at org.testng.TestRunner.privateRun(TestRunner.java:848)
at org.testng.TestRunner.run(TestRunner.java:621)
at org.testng.SuiteRunner.runTest(SuiteRunner.java:443)
at org.testng.SuiteRunner.runSequentially(SuiteRunner.java:437)
at org.testng.SuiteRunner.privateRun(SuiteRunner.java:397)
at org.testng.SuiteRunner.run(SuiteRunner.java:336)
at org.testng.SuiteRunnerWorker.runSuite(SuiteRunnerWorker.java:52)
at org.testng.SuiteRunnerWorker.run(SuiteRunnerWorker.java:95)
at org.testng.TestNG.runSuitesSequentially(TestNG.java:1280)
at org.testng.TestNG.runSuitesLocally(TestNG.java:1200)
at org.testng.TestNG.runSuites(TestNG.java:1114)
at org.testng.TestNG.run(TestNG.java:1082)
at com.intellij.rt.testng.IDEARemoteTestNG.run(IDEARemoteTestNG.java:65)
at com.intellij.rt.testng.RemoteTestNGStarter.main(RemoteTestNGStarter.java:105)
]]>
            </full-stacktrace>
          </exception> <!-- org.openqa.selenium.ElementNotInteractableException -->
          <reporter-output>
          </reporter-output>
        </test-method> <!-- validateResendOtpBtn -->
        <test-method is-config="true" signature="tearDown()[pri:0, instance:com.easemytrip.testcases.Register_Test@6e6d5d29]" started-at="2023-12-21T11:59:13 SAST" name="tearDown" finished-at="2023-12-21T11:59:13 SAST" duration-ms="1" status="PASS">
          <reporter-output>
          </reporter-output>
        </test-method> <!-- tearDown -->
      </class> <!-- com.easemytrip.testcases.Register_Test -->
      <class name="com.easemytrip.testcases.HotelBooking_Test">
        <test-method signature="a_TestCitySelection()[pri:0, instance:com.easemytrip.testcases.HotelBooking_Test@38f116f6]" started-at="2023-12-21T11:54:00 SAST" name="a_TestCitySelection" finished-at="2023-12-21T11:54:10 SAST" duration-ms="10395" status="PASS">
          <reporter-output>
          </reporter-output>
        </test-method> <!-- a_TestCitySelection -->
        <test-method signature="b_TestCheckInOutDateSelection()[pri:0, instance:com.easemytrip.testcases.HotelBooking_Test@38f116f6]" started-at="2023-12-21T11:54:10 SAST" name="b_TestCheckInOutDateSelection" finished-at="2023-12-21T11:54:13 SAST" duration-ms="2688" status="PASS">
          <reporter-output>
          </reporter-output>
        </test-method> <!-- b_TestCheckInOutDateSelection -->
        <test-method signature="c_RoomsAndGuests()[pri:0, instance:com.easemytrip.testcases.HotelBooking_Test@38f116f6]" started-at="2023-12-21T11:54:13 SAST" name="c_RoomsAndGuests" finished-at="2023-12-21T11:54:17 SAST" duration-ms="4178" status="PASS">
          <reporter-output>
          </reporter-output>
        </test-method> <!-- c_RoomsAndGuests -->
        <test-method signature="d_SearchBtn()[pri:0, instance:com.easemytrip.testcases.HotelBooking_Test@38f116f6]" started-at="2023-12-21T11:54:17 SAST" name="d_SearchBtn" finished-at="2023-12-21T11:54:31 SAST" duration-ms="13572" status="PASS">
          <reporter-output>
          </reporter-output>
        </test-method> <!-- d_SearchBtn -->
        <test-method signature="e_ViewRoom()[pri:0, instance:com.easemytrip.testcases.HotelBooking_Test@38f116f6]" started-at="2023-12-21T11:54:31 SAST" name="e_ViewRoom" finished-at="2023-12-21T11:54:41 SAST" duration-ms="10426" status="FAIL">
          <exception class="org.openqa.selenium.NoSuchElementException">
            <message>
              <![CDATA[no such element: Unable to locate element: {"method":"xpath","selector":"//*[@id="hotelListDiv"]/div/div[5]/div[1]/div/div[2]/div[2]/a/div"}
  (Session info: chrome=120.0.6099.110)
For documentation on this error, please visit: https://www.selenium.dev/documentation/webdriver/troubleshooting/errors#no-such-element-exception
Build info: version: '4.15.0', revision: '1d14b5521b'
System info: os.name: 'Windows 11', os.arch: 'amd64', os.version: '10.0', java.version: '19'
Driver info: org.openqa.selenium.chrome.ChromeDriver
Command: [ad7d8047ce5f6076fd9ba864d17eafca, findElement {using=xpath, value=//*[@id="hotelListDiv"]/div/div[5]/div[1]/div/div[2]/div[2]/a/div}]
Capabilities {acceptInsecureCerts: false, browserName: chrome, browserVersion: 120.0.6099.110, chrome: {chromedriverVersion: 120.0.6099.109 (3419140ab66..., userDataDir: C:\Users\MINENH~1\AppData\L...}, fedcm:accounts: true, goog:chromeOptions: {debuggerAddress: localhost:63209}, networkConnectionEnabled: false, pageLoadStrategy: normal, platformName: windows, proxy: Proxy(), se:cdp: ws://localhost:63209/devtoo..., se:cdpVersion: 120.0.6099.110, setWindowRect: true, strictFileInteractability: false, timeouts: {implicit: 0, pageLoad: 300000, script: 30000}, unhandledPromptBehavior: dismiss and notify, webauthn:extension:credBlob: true, webauthn:extension:largeBlob: true, webauthn:extension:minPinLength: true, webauthn:extension:prf: true, webauthn:virtualAuthenticators: true}
Session ID: ad7d8047ce5f6076fd9ba864d17eafca]]>
            </message>
            <full-stacktrace>
              <![CDATA[org.openqa.selenium.NoSuchElementException: no such element: Unable to locate element: {"method":"xpath","selector":"//*[@id="hotelListDiv"]/div/div[5]/div[1]/div/div[2]/div[2]/a/div"}
  (Session info: chrome=120.0.6099.110)
For documentation on this error, please visit: https://www.selenium.dev/documentation/webdriver/troubleshooting/errors#no-such-element-exception
Build info: version: '4.15.0', revision: '1d14b5521b'
System info: os.name: 'Windows 11', os.arch: 'amd64', os.version: '10.0', java.version: '19'
Driver info: org.openqa.selenium.chrome.ChromeDriver
Command: [ad7d8047ce5f6076fd9ba864d17eafca, findElement {using=xpath, value=//*[@id="hotelListDiv"]/div/div[5]/div[1]/div/div[2]/div[2]/a/div}]
Capabilities {acceptInsecureCerts: false, browserName: chrome, browserVersion: 120.0.6099.110, chrome: {chromedriverVersion: 120.0.6099.109 (3419140ab66..., userDataDir: C:\Users\MINENH~1\AppData\L...}, fedcm:accounts: true, goog:chromeOptions: {debuggerAddress: localhost:63209}, networkConnectionEnabled: false, pageLoadStrategy: normal, platformName: windows, proxy: Proxy(), se:cdp: ws://localhost:63209/devtoo..., se:cdpVersion: 120.0.6099.110, setWindowRect: true, strictFileInteractability: false, timeouts: {implicit: 0, pageLoad: 300000, script: 30000}, unhandledPromptBehavior: dismiss and notify, webauthn:extension:credBlob: true, webauthn:extension:largeBlob: true, webauthn:extension:minPinLength: true, webauthn:extension:prf: true, webauthn:virtualAuthenticators: true}
Session ID: ad7d8047ce5f6076fd9ba864d17eafca
at java.base/jdk.internal.reflect.DirectConstructorHandleAccessor.newInstance(DirectConstructorHandleAccessor.java:67)
at java.base/java.lang.reflect.Constructor.newInstanceWithCaller(Constructor.java:500)
at java.base/java.lang.reflect.Constructor.newInstance(Constructor.java:484)
at org.openqa.selenium.remote.codec.w3c.W3CHttpResponseCodec.createException(W3CHttpResponseCodec.java:200)
at org.openqa.selenium.remote.codec.w3c.W3CHttpResponseCodec.decode(W3CHttpResponseCodec.java:133)
at org.openqa.selenium.remote.codec.w3c.W3CHttpResponseCodec.decode(W3CHttpResponseCodec.java:52)
at org.openqa.selenium.remote.HttpCommandExecutor.execute(HttpCommandExecutor.java:191)
at org.openqa.selenium.remote.service.DriverCommandExecutor.invokeExecute(DriverCommandExecutor.java:200)
at org.openqa.selenium.remote.service.DriverCommandExecutor.execute(DriverCommandExecutor.java:175)
at org.openqa.selenium.remote.RemoteWebDriver.execute(RemoteWebDriver.java:607)
at org.openqa.selenium.remote.ElementLocation$ElementFinder$2.findElement(ElementLocation.java:165)
at org.openqa.selenium.remote.ElementLocation.findElement(ElementLocation.java:59)
at org.openqa.selenium.remote.RemoteWebDriver.findElement(RemoteWebDriver.java:364)
at org.openqa.selenium.remote.RemoteWebDriver.findElement(RemoteWebDriver.java:358)
at com.easemytrip.testcases.HotelBooking_Test.e_ViewRoom(HotelBooking_Test.java:103)
at java.base/jdk.internal.reflect.DirectMethodHandleAccessor.invoke(DirectMethodHandleAccessor.java:104)
at java.base/java.lang.reflect.Method.invoke(Method.java:578)
at org.testng.internal.invokers.MethodInvocationHelper.invokeMethod(MethodInvocationHelper.java:139)
at org.testng.internal.invokers.TestInvoker.invokeMethod(TestInvoker.java:664)
at org.testng.internal.invokers.TestInvoker.invokeTestMethod(TestInvoker.java:227)
at org.testng.internal.invokers.MethodRunner.runInSequence(MethodRunner.java:50)
at org.testng.internal.invokers.TestInvoker$MethodInvocationAgent.invoke(TestInvoker.java:957)
at org.testng.internal.invokers.TestInvoker.invokeTestMethods(TestInvoker.java:200)
at org.testng.internal.invokers.TestMethodWorker.invokeTestMethods(TestMethodWorker.java:148)
at org.testng.internal.invokers.TestMethodWorker.run(TestMethodWorker.java:128)
at java.base/java.util.ArrayList.forEach(ArrayList.java:1511)
at org.testng.TestRunner.privateRun(TestRunner.java:848)
at org.testng.TestRunner.run(TestRunner.java:621)
at org.testng.SuiteRunner.runTest(SuiteRunner.java:443)
at org.testng.SuiteRunner.runSequentially(SuiteRunner.java:437)
at org.testng.SuiteRunner.privateRun(SuiteRunner.java:397)
at org.testng.SuiteRunner.run(SuiteRunner.java:336)
at org.testng.SuiteRunnerWorker.runSuite(SuiteRunnerWorker.java:52)
at org.testng.SuiteRunnerWorker.run(SuiteRunnerWorker.java:95)
at org.testng.TestNG.runSuitesSequentially(TestNG.java:1280)
at org.testng.TestNG.runSuitesLocally(TestNG.java:1200)
at org.testng.TestNG.runSuites(TestNG.java:1114)
at org.testng.TestNG.run(TestNG.java:1082)
at com.intellij.rt.testng.IDEARemoteTestNG.run(IDEARemoteTestNG.java:65)
at com.intellij.rt.testng.RemoteTestNGStarter.main(RemoteTestNGStarter.java:105)
]]>
            </full-stacktrace>
          </exception> <!-- org.openqa.selenium.NoSuchElementException -->
          <reporter-output>
          </reporter-output>
        </test-method> <!-- e_ViewRoom -->
        <test-method signature="f_BookNow()[pri:0, instance:com.easemytrip.testcases.HotelBooking_Test@38f116f6]" started-at="2023-12-21T11:54:41 SAST" name="f_BookNow" finished-at="2023-12-21T11:54:46 SAST" duration-ms="5438" status="PASS">
          <reporter-output>
          </reporter-output>
        </test-method> <!-- f_BookNow -->
        <test-method signature="g_GuestCredentialsFirstName()[pri:0, instance:com.easemytrip.testcases.HotelBooking_Test@38f116f6]" started-at="2023-12-21T11:54:46 SAST" name="g_GuestCredentialsFirstName" finished-at="2023-12-21T11:54:58 SAST" duration-ms="11802" status="PASS">
          <reporter-output>
          </reporter-output>
        </test-method> <!-- g_GuestCredentialsFirstName -->
        <test-method signature="h_GuestCredentialsLastName()[pri:0, instance:com.easemytrip.testcases.HotelBooking_Test@38f116f6]" started-at="2023-12-21T11:54:58 SAST" name="h_GuestCredentialsLastName" finished-at="2023-12-21T11:55:09 SAST" duration-ms="10747" status="PASS">
          <reporter-output>
          </reporter-output>
        </test-method> <!-- h_GuestCredentialsLastName -->
        <test-method signature="i_GuestCredentialsEmail()[pri:0, instance:com.easemytrip.testcases.HotelBooking_Test@38f116f6]" started-at="2023-12-21T11:55:09 SAST" name="i_GuestCredentialsEmail" finished-at="2023-12-21T11:55:20 SAST" duration-ms="11204" status="PASS">
          <reporter-output>
          </reporter-output>
        </test-method> <!-- i_GuestCredentialsEmail -->
        <test-method signature="j_GuestCredentialsPhoneNum()[pri:0, instance:com.easemytrip.testcases.HotelBooking_Test@38f116f6]" started-at="2023-12-21T11:55:20 SAST" name="j_GuestCredentialsPhoneNum" finished-at="2023-12-21T11:55:31 SAST" duration-ms="10832" status="PASS">
          <reporter-output>
          </reporter-output>
        </test-method> <!-- j_GuestCredentialsPhoneNum -->
        <test-method signature="k_GuestCredentialsCtnPaymentBtn()[pri:0, instance:com.easemytrip.testcases.HotelBooking_Test@38f116f6]" started-at="2023-12-21T11:55:31 SAST" name="k_GuestCredentialsCtnPaymentBtn" finished-at="2023-12-21T11:55:43 SAST" duration-ms="12209" status="PASS">
          <reporter-output>
          </reporter-output>
        </test-method> <!-- k_GuestCredentialsCtnPaymentBtn -->
        <test-method is-config="true" signature="tearDown()[pri:0, instance:com.easemytrip.testcases.HotelBooking_Test@38f116f6]" started-at="2023-12-21T11:55:43 SAST" name="tearDown" finished-at="2023-12-21T11:55:44 SAST" duration-ms="602" status="PASS">
          <reporter-output>
          </reporter-output>
        </test-method> <!-- tearDown -->
      </class> <!-- com.easemytrip.testcases.HotelBooking_Test -->
    </test> <!-- C:/Users/Minenhle Simamane/IdeaProjects/EaseMyTrip_SeleniumTesting -->
  </suite> <!-- All Test Suite -->
</testng-results>
